f:\c++\代码\斗地主\landlords\debug\me.cqp.jie.landlords.pch.codeanalysis
f:\c++\代码\斗地主\landlords\debug\vc141.pdb
f:\c++\代码\斗地主\landlords\debug\vc141.idb
f:\c++\代码\斗地主\landlords\debug\me.cqp.jie.landlords.pch.codeanalysisast
f:\c++\代码\斗地主\landlords\debug\stdafx.nativecodeanalysis.xml
f:\c++\代码\斗地主\landlords\debug\stdafx.obj
f:\c++\代码\斗地主\landlords\debug\me.cqp.jie.landlords.pch
f:\c++\代码\斗地主\landlords\debug\dllmain.nativecodeanalysis.xml
f:\c++\代码\斗地主\landlords\debug\landlords.nativecodeanalysis.xml
f:\c++\代码\斗地主\landlords\debug\player.nativecodeanalysis.xml
f:\c++\代码\斗地主\landlords\debug\process.nativecodeanalysis.xml
f:\c++\代码\斗地主\landlords\debug\room.nativecodeanalysis.xml
f:\c++\代码\斗地主\landlords\debug\server.nativecodeanalysis.xml
f:\c++\代码\斗地主\landlords\debug\server.obj
f:\c++\代码\斗地主\landlords\debug\room.obj
f:\c++\代码\斗地主\landlords\debug\process.obj
f:\c++\代码\斗地主\landlords\debug\player.obj
f:\c++\代码\斗地主\landlords\debug\landlords.obj
f:\c++\代码\斗地主\landlords\debug\dllmain.obj
f:\c++\代码\斗地主\landlords\debug\me.cqp.jie.landlords.lib
f:\c++\代码\斗地主\landlords\debug\me.cqp.jie.landlords.exp
f:\c++\代码\斗地主\landlords\debug\me.cqp.jie.landlords.dll
f:\c++\代码\斗地主\landlords\debug\me.cqp.jie.landlords.ilk
f:\c++\代码\斗地主\landlords\debug\me.cqp.jie.landlords.pdb
f:\c++\代码\斗地主\landlords\debug\nativecodeanalysis.read.1.tlog
f:\c++\代码\斗地主\landlords\debug\vc.nativecodeanalysis.all.xml
f:\c++\代码\斗地主\landlords\debug\me.cqp.jie.landlords.dll.lastcodeanalysissucceeded
f:\c++\代码\斗地主\landlords\debug\landlords.tlog\cl.command.1.tlog
f:\c++\代码\斗地主\landlords\debug\landlords.tlog\cl.read.1.tlog
f:\c++\代码\斗地主\landlords\debug\landlords.tlog\cl.write.1.tlog
f:\c++\代码\斗地主\landlords\debug\landlords.tlog\landlords.write.1u.tlog
f:\c++\代码\斗地主\landlords\debug\landlords.tlog\link.command.1.tlog
f:\c++\代码\斗地主\landlords\debug\landlords.tlog\link.read.1.tlog
f:\c++\代码\斗地主\landlords\debug\landlords.tlog\link.write.1.tlog
